2021-08-24 09:24:08 [ Thread-9:1] -[ ERROR] 
java.lang.NullPointerException
	at cn.gxust.cloudutils.CloudMusicSpider.getSongList(CloudMusicSpider.java:110)
	at cn.gxust.ui.MainApp.lambda$searchSongList$35(MainApp.java:1261)
	at java.base/java.lang.Thread.run(Thread.java:834)
2021-08-24 09:24:15 [ Thread-11:6759] -[ ERROR] 
java.lang.NullPointerException
	at cn.gxust.cloudutils.CloudMusicSpider.getSongList(CloudMusicSpider.java:110)
	at cn.gxust.ui.MainApp.lambda$searchSongList$35(MainApp.java:1261)
	at java.base/java.lang.Thread.run(Thread.java:834)
2021-08-24 09:24:22 [ Thread-13:13932] -[ ERROR] 
java.lang.NullPointerException
	at cn.gxust.cloudutils.CloudMusicSpider.getSongList(CloudMusicSpider.java:110)
	at cn.gxust.ui.MainApp.lambda$searchSongList$35(MainApp.java:1261)
	at java.base/java.lang.Thread.run(Thread.java:834)
2021-08-24 09:27:48 [ JavaFX Application Thread:220162] -[ WARN] ImageIO无法把音乐封面写入到文件内！尝试下载获取
2021-08-24 12:27:22 [ main:0] -[ ERROR] 
java.lang.IllegalArgumentException: Malformed URL: %E5%91%A8%E6%9D%B0%E4%BC%A6
	at org.jsoup.helper.HttpConnection.url(HttpConnection.java:131)
	at org.jsoup.helper.HttpConnection.connect(HttpConnection.java:70)
	at org.jsoup.Jsoup.connect(Jsoup.java:73)
	at cn.gxust.cloudutils.KuWoRequest.get(KuwoRequest.java:29)
	at cn.gxust.cloudutils.KuWoRequest.searchMusic(KuwoRequest.java:42)
	at cn.gxust.cloudutils.KuWoRequest.main(KuwoRequest.java:19)
Caused by: java.net.MalformedURLException: no protocol: %E5%91%A8%E6%9D%B0%E4%BC%A6
	at java.base/java.net.URL.<init>(URL.java:645)
	at java.base/java.net.URL.<init>(URL.java:541)
	at java.base/java.net.URL.<init>(URL.java:488)
	at org.jsoup.helper.HttpConnection.url(HttpConnection.java:129)
	... 5 more
2021-08-24 12:28:20 [ main:0] -[ ERROR] 
java.lang.IllegalArgumentException: Malformed URL: http%3A%2F%2F159.75.38.125%3A8823%2Fsearch%3Fkeyword%3D%E5%91%A8%E6%9D%B0%E4%BC%A6
	at org.jsoup.helper.HttpConnection.url(HttpConnection.java:131)
	at org.jsoup.helper.HttpConnection.connect(HttpConnection.java:70)
	at org.jsoup.Jsoup.connect(Jsoup.java:73)
	at cn.gxust.cloudutils.KuWoRequest.get(KuwoRequest.java:29)
	at cn.gxust.cloudutils.KuWoRequest.searchMusic(KuwoRequest.java:42)
	at cn.gxust.cloudutils.KuWoRequest.main(KuwoRequest.java:19)
Caused by: java.net.MalformedURLException: no protocol: http%3A%2F%2F159.75.38.125%3A8823%2Fsearch%3Fkeyword%3D%E5%91%A8%E6%9D%B0%E4%BC%A6
	at java.base/java.net.URL.<init>(URL.java:645)
	at java.base/java.net.URL.<init>(URL.java:541)
	at java.base/java.net.URL.<init>(URL.java:488)
	at org.jsoup.helper.HttpConnection.url(HttpConnection.java:129)
	... 5 more
2021-08-24 12:28:58 [ main:0] -[ ERROR] 
org.jsoup.UnsupportedMimeTypeException: Unhandled content type. Must be text/*, application/xml, or application/*+xml. Mimetype=application/json, URL=http://159.75.38.125:8823/search?keyword=%E5%91%A8%E6%9D%B0%E4%BC%A6
	at org.jsoup.helper.HttpConnection$Response.execute(HttpConnection.java:772)
	at org.jsoup.helper.HttpConnection$Response.execute(HttpConnection.java:707)
	at org.jsoup.helper.HttpConnection.execute(HttpConnection.java:297)
	at cn.gxust.cloudutils.KuWoRequest.get(KuwoRequest.java:31)
	at cn.gxust.cloudutils.KuWoRequest.searchMusic(KuwoRequest.java:41)
	at cn.gxust.cloudutils.KuWoRequest.main(KuwoRequest.java:19)
2021-08-24 13:54:43 [ main:0] -[ ERROR] 
java.lang.IllegalArgumentException: Malformed URL: http://159.75.38.125:8823228908
	at org.jsoup.helper.HttpConnection.url(HttpConnection.java:131)
	at org.jsoup.helper.HttpConnection.connect(HttpConnection.java:70)
	at org.jsoup.Jsoup.connect(Jsoup.java:73)
	at cn.gxust.cloudutils.KuWoRequest.get(KuwoRequest.java:32)
	at cn.gxust.cloudutils.KuWoRequest.spiderLrc(KuwoRequest.java:62)
	at cn.gxust.cloudutils.KuWoRequest.main(KuwoRequest.java:22)
Caused by: java.net.MalformedURLException: Error at index 9 in: "8823228908"
	at java.base/java.net.URL.<init>(URL.java:679)
	at java.base/java.net.URL.<init>(URL.java:541)
	at java.base/java.net.URL.<init>(URL.java:488)
	at org.jsoup.helper.HttpConnection.url(HttpConnection.java:129)
	... 5 more
Caused by: java.lang.NumberFormatException: Error at index 9 in: "8823228908"
	at java.base/java.lang.NumberFormatException.forCharSequence(NumberFormatException.java:81)
	at java.base/java.lang.Integer.parseInt(Integer.java:735)
	at java.base/java.net.URLStreamHandler.parseURL(URLStreamHandler.java:223)
	at java.base/java.net.URL.<init>(URL.java:674)
	... 8 more
2021-08-24 14:14:45 [ JavaFX Application Thread:0] -[ ERROR] 
java.lang.UnsupportedOperationException: Not implemented for this format
	at org.jaudiotagger.tag.id3.ID3v1Tag.deleteArtworkField(ID3v1Tag.java:1055)
	at cn.gxust.localioutils.LocalMusicUtils.setMusicInf(LocalMusicUtils.java:351)
	at cn.gxust.cloudutils.FileDownService.succeeded(FileDownService.java:84)
	at javafx.concurrent.Service.lambda$new$4(Service.java:555)
	at com.sun.javafx.binding.ExpressionHelper$SingleChange.fireValueChangedEvent(ExpressionHelper.java:181)
	at com.sun.javafx.binding.ExpressionHelper.fireValueChangedEvent(ExpressionHelper.java:80)
	at javafx.beans.property.ObjectPropertyBase.fireValueChangedEvent(ObjectPropertyBase.java:106)
	at javafx.beans.property.ObjectPropertyBase.markInvalid(ObjectPropertyBase.java:113)
	at javafx.beans.property.ObjectPropertyBase.access$000(ObjectPropertyBase.java:52)
	at javafx.beans.property.ObjectPropertyBase$Listener.invalidated(ObjectPropertyBase.java:234)
	at com.sun.javafx.binding.ExpressionHelper$SingleInvalidation.fireValueChangedEvent(ExpressionHelper.java:136)
	at com.sun.javafx.binding.ExpressionHelper.fireValueChangedEvent(ExpressionHelper.java:80)
	at javafx.beans.property.ObjectPropertyBase.fireValueChangedEvent(ObjectPropertyBase.java:106)
	at javafx.beans.property.ObjectPropertyBase.markInvalid(ObjectPropertyBase.java:113)
	at javafx.beans.property.ObjectPropertyBase.set(ObjectPropertyBase.java:147)
	at javafx.concurrent.Task.setState(Task.java:698)
	at javafx.concurrent.Task$TaskCallable.lambda$call$1(Task.java:1436)
	at com.sun.javafx.application.PlatformImpl.lambda$runLater$10(PlatformImpl.java:428)
	at java.base/java.security.AccessController.doPrivileged(Native Method)
	at com.sun.javafx.application.PlatformImpl.lambda$runLater$11(PlatformImpl.java:427)
	at com.sun.glass.ui.InvokeLaterDispatcher$Future.run(InvokeLaterDispatcher.java:96)
	at com.sun.glass.ui.win.WinApplication._runLoop(Native Method)
	at com.sun.glass.ui.win.WinApplication.lambda$runLoop$3(WinApplication.java:174)
	at java.base/java.lang.Thread.run(Thread.java:834)
2021-08-24 14:15:29 [ Thread-6317:43982] -[ ERROR] 
java.lang.NullPointerException
	at cn.gxust.cloudutils.CloudMusicSpider.getSongList(CloudMusicSpider.java:110)
	at cn.gxust.ui.MainApp.lambda$searchSongList$35(MainApp.java:1265)
	at java.base/java.lang.Thread.run(Thread.java:834)
2021-08-24 14:15:43 [ JavaFX Application Thread:57323] -[ ERROR] 
java.lang.UnsupportedOperationException: Not implemented for this format
	at org.jaudiotagger.tag.id3.ID3v1Tag.deleteArtworkField(ID3v1Tag.java:1055)
	at cn.gxust.localioutils.LocalMusicUtils.setMusicInf(LocalMusicUtils.java:351)
	at cn.gxust.cloudutils.FileDownService.succeeded(FileDownService.java:84)
	at javafx.concurrent.Service.lambda$new$4(Service.java:555)
	at com.sun.javafx.binding.ExpressionHelper$SingleChange.fireValueChangedEvent(ExpressionHelper.java:181)
	at com.sun.javafx.binding.ExpressionHelper.fireValueChangedEvent(ExpressionHelper.java:80)
	at javafx.beans.property.ObjectPropertyBase.fireValueChangedEvent(ObjectPropertyBase.java:106)
	at javafx.beans.property.ObjectPropertyBase.markInvalid(ObjectPropertyBase.java:113)
	at javafx.beans.property.ObjectPropertyBase.access$000(ObjectPropertyBase.java:52)
	at javafx.beans.property.ObjectPropertyBase$Listener.invalidated(ObjectPropertyBase.java:234)
	at com.sun.javafx.binding.ExpressionHelper$SingleInvalidation.fireValueChangedEvent(ExpressionHelper.java:136)
	at com.sun.javafx.binding.ExpressionHelper.fireValueChangedEvent(ExpressionHelper.java:80)
	at javafx.beans.property.ObjectPropertyBase.fireValueChangedEvent(ObjectPropertyBase.java:106)
	at javafx.beans.property.ObjectPropertyBase.markInvalid(ObjectPropertyBase.java:113)
	at javafx.beans.property.ObjectPropertyBase.set(ObjectPropertyBase.java:147)
	at javafx.concurrent.Task.setState(Task.java:698)
	at javafx.concurrent.Task$TaskCallable.lambda$call$1(Task.java:1436)
	at com.sun.javafx.application.PlatformImpl.lambda$runLater$10(PlatformImpl.java:428)
	at java.base/java.security.AccessController.doPrivileged(Native Method)
	at com.sun.javafx.application.PlatformImpl.lambda$runLater$11(PlatformImpl.java:427)
	at com.sun.glass.ui.InvokeLaterDispatcher$Future.run(InvokeLaterDispatcher.java:96)
	at com.sun.glass.ui.win.WinApplication._runLoop(Native Method)
	at com.sun.glass.ui.win.WinApplication.lambda$runLoop$3(WinApplication.java:174)
	at java.base/java.lang.Thread.run(Thread.java:834)
2021-08-24 14:37:19 [ JavaFX Application Thread:0] -[ ERROR] 
java.lang.UnsupportedOperationException: Not implemented for this format
	at org.jaudiotagger.tag.id3.ID3v1Tag.deleteArtworkField(ID3v1Tag.java:1055)
	at cn.gxust.localioutils.LocalMusicUtils.setMusicInf(LocalMusicUtils.java:351)
	at cn.gxust.cloudutils.FileDownService.succeeded(FileDownService.java:84)
	at javafx.concurrent.Service.lambda$new$4(Service.java:555)
	at com.sun.javafx.binding.ExpressionHelper$SingleChange.fireValueChangedEvent(ExpressionHelper.java:181)
	at com.sun.javafx.binding.ExpressionHelper.fireValueChangedEvent(ExpressionHelper.java:80)
	at javafx.beans.property.ObjectPropertyBase.fireValueChangedEvent(ObjectPropertyBase.java:106)
	at javafx.beans.property.ObjectPropertyBase.markInvalid(ObjectPropertyBase.java:113)
	at javafx.beans.property.ObjectPropertyBase.access$000(ObjectPropertyBase.java:52)
	at javafx.beans.property.ObjectPropertyBase$Listener.invalidated(ObjectPropertyBase.java:234)
	at com.sun.javafx.binding.ExpressionHelper$SingleInvalidation.fireValueChangedEvent(ExpressionHelper.java:136)
	at com.sun.javafx.binding.ExpressionHelper.fireValueChangedEvent(ExpressionHelper.java:80)
	at javafx.beans.property.ObjectPropertyBase.fireValueChangedEvent(ObjectPropertyBase.java:106)
	at javafx.beans.property.ObjectPropertyBase.markInvalid(ObjectPropertyBase.java:113)
	at javafx.beans.property.ObjectPropertyBase.set(ObjectPropertyBase.java:147)
	at javafx.concurrent.Task.setState(Task.java:698)
	at javafx.concurrent.Task$TaskCallable.lambda$call$1(Task.java:1436)
	at com.sun.javafx.application.PlatformImpl.lambda$runLater$10(PlatformImpl.java:428)
	at java.base/java.security.AccessController.doPrivileged(Native Method)
	at com.sun.javafx.application.PlatformImpl.lambda$runLater$11(PlatformImpl.java:427)
	at com.sun.glass.ui.InvokeLaterDispatcher$Future.run(InvokeLaterDispatcher.java:96)
	at com.sun.glass.ui.win.WinApplication._runLoop(Native Method)
	at com.sun.glass.ui.win.WinApplication.lambda$runLoop$3(WinApplication.java:174)
	at java.base/java.lang.Thread.run(Thread.java:834)
2021-08-24 16:24:12 [ Thread-10:0] -[ ERROR] 
java.net.MalformedURLException: no protocol: 228908
	at java.base/java.net.URL.<init>(URL.java:645)
	at java.base/java.net.URL.<init>(URL.java:541)
	at java.base/java.net.URL.<init>(URL.java:488)
	at cn.gxust.cloudutils.FileDownService$1.call(FileDownService.java:160)
	at cn.gxust.cloudutils.FileDownService$1.call(FileDownService.java:155)
	at javafx.concurrent.Task$TaskCallable.call(Task.java:1425)
	at java.base/java.util.concurrent.FutureTask.run(FutureTask.java:264)
	at javafx.concurrent.Service.lambda$executeTask$6(Service.java:725)
	at java.base/java.security.AccessController.doPrivileged(Native Method)
	at javafx.concurrent.Service.lambda$executeTask$7(Service.java:724)
	at java.base/java.util.concurrent.ThreadPoolExecutor.runWorker(ThreadPoolExecutor.java:1128)
	at java.base/java.util.concurrent.ThreadPoolExecutor$Worker.run(ThreadPoolExecutor.java:628)
	at java.base/java.lang.Thread.run(Thread.java:834)
2021-08-24 16:24:13 [ JavaFX Application Thread:77] -[ ERROR] 
java.io.FileNotFoundException: Unable to find:E:\download\javafx-music-player-master\LocalMusic\Music\晴天-周杰伦.mp3
	at org.jaudiotagger.audio.AudioFileIO.checkFileExists(AudioFileIO.java:301)
	at org.jaudiotagger.audio.AudioFileIO.readFile(AudioFileIO.java:277)
	at org.jaudiotagger.audio.AudioFileIO.read(AudioFileIO.java:150)
	at cn.gxust.localioutils.LocalMusicUtils.setMusicInf(LocalMusicUtils.java:336)
	at cn.gxust.cloudutils.FileDownService.succeeded(FileDownService.java:84)
	at javafx.concurrent.Service.lambda$new$4(Service.java:555)
	at com.sun.javafx.binding.ExpressionHelper$SingleChange.fireValueChangedEvent(ExpressionHelper.java:181)
	at com.sun.javafx.binding.ExpressionHelper.fireValueChangedEvent(ExpressionHelper.java:80)
	at javafx.beans.property.ObjectPropertyBase.fireValueChangedEvent(ObjectPropertyBase.java:106)
	at javafx.beans.property.ObjectPropertyBase.markInvalid(ObjectPropertyBase.java:113)
	at javafx.beans.property.ObjectPropertyBase.access$000(ObjectPropertyBase.java:52)
	at javafx.beans.property.ObjectPropertyBase$Listener.invalidated(ObjectPropertyBase.java:234)
	at com.sun.javafx.binding.ExpressionHelper$SingleInvalidation.fireValueChangedEvent(ExpressionHelper.java:136)
	at com.sun.javafx.binding.ExpressionHelper.fireValueChangedEvent(ExpressionHelper.java:80)
	at javafx.beans.property.ObjectPropertyBase.fireValueChangedEvent(ObjectPropertyBase.java:106)
	at javafx.beans.property.ObjectPropertyBase.markInvalid(ObjectPropertyBase.java:113)
	at javafx.beans.property.ObjectPropertyBase.set(ObjectPropertyBase.java:147)
	at javafx.concurrent.Task.setState(Task.java:698)
	at javafx.concurrent.Task$TaskCallable.lambda$call$1(Task.java:1436)
	at com.sun.javafx.application.PlatformImpl.lambda$runLater$10(PlatformImpl.java:428)
	at java.base/java.security.AccessController.doPrivileged(Native Method)
	at com.sun.javafx.application.PlatformImpl.lambda$runLater$11(PlatformImpl.java:427)
	at com.sun.glass.ui.InvokeLaterDispatcher$Future.run(InvokeLaterDispatcher.java:96)
	at com.sun.glass.ui.win.WinApplication._runLoop(Native Method)
	at com.sun.glass.ui.win.WinApplication.lambda$runLoop$3(WinApplication.java:174)
	at java.base/java.lang.Thread.run(Thread.java:834)
2021-08-24 16:24:13 [ JavaFX Application Thread:79] -[ ERROR] 
java.lang.NullPointerException
	at cn.gxust.cloudutils.FileDownService.succeeded(FileDownService.java:85)
	at javafx.concurrent.Service.lambda$new$4(Service.java:555)
	at com.sun.javafx.binding.ExpressionHelper$SingleChange.fireValueChangedEvent(ExpressionHelper.java:181)
	at com.sun.javafx.binding.ExpressionHelper.fireValueChangedEvent(ExpressionHelper.java:80)
	at javafx.beans.property.ObjectPropertyBase.fireValueChangedEvent(ObjectPropertyBase.java:106)
	at javafx.beans.property.ObjectPropertyBase.markInvalid(ObjectPropertyBase.java:113)
	at javafx.beans.property.ObjectPropertyBase.access$000(ObjectPropertyBase.java:52)
	at javafx.beans.property.ObjectPropertyBase$Listener.invalidated(ObjectPropertyBase.java:234)
	at com.sun.javafx.binding.ExpressionHelper$SingleInvalidation.fireValueChangedEvent(ExpressionHelper.java:136)
	at com.sun.javafx.binding.ExpressionHelper.fireValueChangedEvent(ExpressionHelper.java:80)
	at javafx.beans.property.ObjectPropertyBase.fireValueChangedEvent(ObjectPropertyBase.java:106)
	at javafx.beans.property.ObjectPropertyBase.markInvalid(ObjectPropertyBase.java:113)
	at javafx.beans.property.ObjectPropertyBase.set(ObjectPropertyBase.java:147)
	at javafx.concurrent.Task.setState(Task.java:698)
	at javafx.concurrent.Task$TaskCallable.lambda$call$1(Task.java:1436)
	at com.sun.javafx.application.PlatformImpl.lambda$runLater$10(PlatformImpl.java:428)
	at java.base/java.security.AccessController.doPrivileged(Native Method)
	at com.sun.javafx.application.PlatformImpl.lambda$runLater$11(PlatformImpl.java:427)
	at com.sun.glass.ui.InvokeLaterDispatcher$Future.run(InvokeLaterDispatcher.java:96)
	at com.sun.glass.ui.win.WinApplication._runLoop(Native Method)
	at com.sun.glass.ui.win.WinApplication.lambda$runLoop$3(WinApplication.java:174)
	at java.base/java.lang.Thread.run(Thread.java:834)
2021-08-24 16:24:13 [ JavaFX Application Thread:79] -[ ERROR] 
java.lang.NullPointerException
	at cn.gxust.cloudutils.FileDownService.succeeded(FileDownService.java:85)
	at javafx.concurrent.Service.lambda$new$4(Service.java:555)
	at com.sun.javafx.binding.ExpressionHelper$SingleChange.fireValueChangedEvent(ExpressionHelper.java:181)
	at com.sun.javafx.binding.ExpressionHelper.fireValueChangedEvent(ExpressionHelper.java:80)
	at javafx.beans.property.ObjectPropertyBase.fireValueChangedEvent(ObjectPropertyBase.java:106)
	at javafx.beans.property.ObjectPropertyBase.markInvalid(ObjectPropertyBase.java:113)
	at javafx.beans.property.ObjectPropertyBase.access$000(ObjectPropertyBase.java:52)
	at javafx.beans.property.ObjectPropertyBase$Listener.invalidated(ObjectPropertyBase.java:234)
	at com.sun.javafx.binding.ExpressionHelper$SingleInvalidation.fireValueChangedEvent(ExpressionHelper.java:136)
	at com.sun.javafx.binding.ExpressionHelper.fireValueChangedEvent(ExpressionHelper.java:80)
	at javafx.beans.property.ObjectPropertyBase.fireValueChangedEvent(ObjectPropertyBase.java:106)
	at javafx.beans.property.ObjectPropertyBase.markInvalid(ObjectPropertyBase.java:113)
	at javafx.beans.property.ObjectPropertyBase.set(ObjectPropertyBase.java:147)
	at javafx.concurrent.Task.setState(Task.java:698)
	at javafx.concurrent.Task$TaskCallable.lambda$call$1(Task.java:1436)
	at com.sun.javafx.application.PlatformImpl.lambda$runLater$10(PlatformImpl.java:428)
	at java.base/java.security.AccessController.doPrivileged(Native Method)
	at com.sun.javafx.application.PlatformImpl.lambda$runLater$11(PlatformImpl.java:427)
	at com.sun.glass.ui.InvokeLaterDispatcher$Future.run(InvokeLaterDispatcher.java:96)
	at com.sun.glass.ui.win.WinApplication._runLoop(Native Method)
	at com.sun.glass.ui.win.WinApplication.lambda$runLoop$3(WinApplication.java:174)
	at java.base/java.lang.Thread.run(Thread.java:834)
2021-08-24 16:24:30 [ Thread-126:17262] -[ ERROR] 
java.net.MalformedURLException: no protocol: 440613
	at java.base/java.net.URL.<init>(URL.java:645)
	at java.base/java.net.URL.<init>(URL.java:541)
	at java.base/java.net.URL.<init>(URL.java:488)
	at cn.gxust.cloudutils.FileDownService$1.call(FileDownService.java:160)
	at cn.gxust.cloudutils.FileDownService$1.call(FileDownService.java:155)
	at javafx.concurrent.Task$TaskCallable.call(Task.java:1425)
	at java.base/java.util.concurrent.FutureTask.run(FutureTask.java:264)
	at javafx.concurrent.Service.lambda$executeTask$6(Service.java:725)
	at java.base/java.security.AccessController.doPrivileged(Native Method)
	at javafx.concurrent.Service.lambda$executeTask$7(Service.java:724)
	at java.base/java.util.concurrent.ThreadPoolExecutor.runWorker(ThreadPoolExecutor.java:1128)
	at java.base/java.util.concurrent.ThreadPoolExecutor$Worker.run(ThreadPoolExecutor.java:628)
	at java.base/java.lang.Thread.run(Thread.java:834)
2021-08-24 16:24:30 [ JavaFX Application Thread:17265] -[ ERROR] 
java.io.FileNotFoundException: Unable to find:E:\download\javafx-music-player-master\LocalMusic\Music\稻香-周杰伦.mp3
	at org.jaudiotagger.audio.AudioFileIO.checkFileExists(AudioFileIO.java:301)
	at org.jaudiotagger.audio.AudioFileIO.readFile(AudioFileIO.java:277)
	at org.jaudiotagger.audio.AudioFileIO.read(AudioFileIO.java:150)
	at cn.gxust.localioutils.LocalMusicUtils.setMusicInf(LocalMusicUtils.java:336)
	at cn.gxust.cloudutils.FileDownService.succeeded(FileDownService.java:84)
	at javafx.concurrent.Service.lambda$new$4(Service.java:555)
	at com.sun.javafx.binding.ExpressionHelper$SingleChange.fireValueChangedEvent(ExpressionHelper.java:181)
	at com.sun.javafx.binding.ExpressionHelper.fireValueChangedEvent(ExpressionHelper.java:80)
	at javafx.beans.property.ObjectPropertyBase.fireValueChangedEvent(ObjectPropertyBase.java:106)
	at javafx.beans.property.ObjectPropertyBase.markInvalid(ObjectPropertyBase.java:113)
	at javafx.beans.property.ObjectPropertyBase.access$000(ObjectPropertyBase.java:52)
	at javafx.beans.property.ObjectPropertyBase$Listener.invalidated(ObjectPropertyBase.java:234)
	at com.sun.javafx.binding.ExpressionHelper$SingleInvalidation.fireValueChangedEvent(ExpressionHelper.java:136)
	at com.sun.javafx.binding.ExpressionHelper.fireValueChangedEvent(ExpressionHelper.java:80)
	at javafx.beans.property.ObjectPropertyBase.fireValueChangedEvent(ObjectPropertyBase.java:106)
	at javafx.beans.property.ObjectPropertyBase.markInvalid(ObjectPropertyBase.java:113)
	at javafx.beans.property.ObjectPropertyBase.set(ObjectPropertyBase.java:147)
	at javafx.concurrent.Task.setState(Task.java:698)
	at javafx.concurrent.Task$TaskCallable.lambda$call$1(Task.java:1436)
	at com.sun.javafx.application.PlatformImpl.lambda$runLater$10(PlatformImpl.java:428)
	at java.base/java.security.AccessController.doPrivileged(Native Method)
	at com.sun.javafx.application.PlatformImpl.lambda$runLater$11(PlatformImpl.java:427)
	at com.sun.glass.ui.InvokeLaterDispatcher$Future.run(InvokeLaterDispatcher.java:96)
	at com.sun.glass.ui.win.WinApplication._runLoop(Native Method)
	at com.sun.glass.ui.win.WinApplication.lambda$runLoop$3(WinApplication.java:174)
	at java.base/java.lang.Thread.run(Thread.java:834)
2021-08-24 16:24:30 [ JavaFX Application Thread:17265] -[ ERROR] 
java.lang.NullPointerException
	at cn.gxust.cloudutils.FileDownService.succeeded(FileDownService.java:85)
	at javafx.concurrent.Service.lambda$new$4(Service.java:555)
	at com.sun.javafx.binding.ExpressionHelper$SingleChange.fireValueChangedEvent(ExpressionHelper.java:181)
	at com.sun.javafx.binding.ExpressionHelper.fireValueChangedEvent(ExpressionHelper.java:80)
	at javafx.beans.property.ObjectPropertyBase.fireValueChangedEvent(ObjectPropertyBase.java:106)
	at javafx.beans.property.ObjectPropertyBase.markInvalid(ObjectPropertyBase.java:113)
	at javafx.beans.property.ObjectPropertyBase.access$000(ObjectPropertyBase.java:52)
	at javafx.beans.property.ObjectPropertyBase$Listener.invalidated(ObjectPropertyBase.java:234)
	at com.sun.javafx.binding.ExpressionHelper$SingleInvalidation.fireValueChangedEvent(ExpressionHelper.java:136)
	at com.sun.javafx.binding.ExpressionHelper.fireValueChangedEvent(ExpressionHelper.java:80)
	at javafx.beans.property.ObjectPropertyBase.fireValueChangedEvent(ObjectPropertyBase.java:106)
	at javafx.beans.property.ObjectPropertyBase.markInvalid(ObjectPropertyBase.java:113)
	at javafx.beans.property.ObjectPropertyBase.set(ObjectPropertyBase.java:147)
	at javafx.concurrent.Task.setState(Task.java:698)
	at javafx.concurrent.Task$TaskCallable.lambda$call$1(Task.java:1436)
	at com.sun.javafx.application.PlatformImpl.lambda$runLater$10(PlatformImpl.java:428)
	at java.base/java.security.AccessController.doPrivileged(Native Method)
	at com.sun.javafx.application.PlatformImpl.lambda$runLater$11(PlatformImpl.java:427)
	at com.sun.glass.ui.InvokeLaterDispatcher$Future.run(InvokeLaterDispatcher.java:96)
	at com.sun.glass.ui.win.WinApplication._runLoop(Native Method)
	at com.sun.glass.ui.win.WinApplication.lambda$runLoop$3(WinApplication.java:174)
	at java.base/java.lang.Thread.run(Thread.java:834)
2021-08-24 16:25:43 [ Thread-10:1] -[ ERROR] 
java.net.MalformedURLException: no protocol: 228908
	at java.base/java.net.URL.<init>(URL.java:645)
	at java.base/java.net.URL.<init>(URL.java:541)
	at java.base/java.net.URL.<init>(URL.java:488)
	at cn.gxust.cloudutils.FileDownService$1.call(FileDownService.java:160)
	at cn.gxust.cloudutils.FileDownService$1.call(FileDownService.java:155)
	at javafx.concurrent.Task$TaskCallable.call(Task.java:1425)
	at java.base/java.util.concurrent.FutureTask.run(FutureTask.java:264)
	at javafx.concurrent.Service.lambda$executeTask$6(Service.java:725)
	at java.base/java.security.AccessController.doPrivileged(Native Method)
	at javafx.concurrent.Service.lambda$executeTask$7(Service.java:724)
	at java.base/java.util.concurrent.ThreadPoolExecutor.runWorker(ThreadPoolExecutor.java:1128)
	at java.base/java.util.concurrent.ThreadPoolExecutor$Worker.run(ThreadPoolExecutor.java:628)
	at java.base/java.lang.Thread.run(Thread.java:834)
2021-08-24 16:25:43 [ JavaFX Application Thread:83] -[ ERROR] 
java.io.FileNotFoundException: Unable to find:E:\download\javafx-music-player-master\LocalMusic\Music\晴天-周杰伦.mp3
	at org.jaudiotagger.audio.AudioFileIO.checkFileExists(AudioFileIO.java:301)
	at org.jaudiotagger.audio.AudioFileIO.readFile(AudioFileIO.java:277)
	at org.jaudiotagger.audio.AudioFileIO.read(AudioFileIO.java:150)
	at cn.gxust.localioutils.LocalMusicUtils.setMusicInf(LocalMusicUtils.java:336)
	at cn.gxust.cloudutils.FileDownService.succeeded(FileDownService.java:84)
	at javafx.concurrent.Service.lambda$new$4(Service.java:555)
	at com.sun.javafx.binding.ExpressionHelper$SingleChange.fireValueChangedEvent(ExpressionHelper.java:181)
	at com.sun.javafx.binding.ExpressionHelper.fireValueChangedEvent(ExpressionHelper.java:80)
	at javafx.beans.property.ObjectPropertyBase.fireValueChangedEvent(ObjectPropertyBase.java:106)
	at javafx.beans.property.ObjectPropertyBase.markInvalid(ObjectPropertyBase.java:113)
	at javafx.beans.property.ObjectPropertyBase.access$000(ObjectPropertyBase.java:52)
	at javafx.beans.property.ObjectPropertyBase$Listener.invalidated(ObjectPropertyBase.java:234)
	at com.sun.javafx.binding.ExpressionHelper$SingleInvalidation.fireValueChangedEvent(ExpressionHelper.java:136)
	at com.sun.javafx.binding.ExpressionHelper.fireValueChangedEvent(ExpressionHelper.java:80)
	at javafx.beans.property.ObjectPropertyBase.fireValueChangedEvent(ObjectPropertyBase.java:106)
	at javafx.beans.property.ObjectPropertyBase.markInvalid(ObjectPropertyBase.java:113)
	at javafx.beans.property.ObjectPropertyBase.set(ObjectPropertyBase.java:147)
	at javafx.concurrent.Task.setState(Task.java:698)
	at javafx.concurrent.Task$TaskCallable.lambda$call$1(Task.java:1436)
	at com.sun.javafx.application.PlatformImpl.lambda$runLater$10(PlatformImpl.java:428)
	at java.base/java.security.AccessController.doPrivileged(Native Method)
	at com.sun.javafx.application.PlatformImpl.lambda$runLater$11(PlatformImpl.java:427)
	at com.sun.glass.ui.InvokeLaterDispatcher$Future.run(InvokeLaterDispatcher.java:96)
	at com.sun.glass.ui.win.WinApplication._runLoop(Native Method)
	at com.sun.glass.ui.win.WinApplication.lambda$runLoop$3(WinApplication.java:174)
	at java.base/java.lang.Thread.run(Thread.java:834)
2021-08-24 16:25:43 [ JavaFX Application Thread:85] -[ ERROR] 
java.lang.NullPointerException
	at cn.gxust.cloudutils.FileDownService.succeeded(FileDownService.java:85)
	at javafx.concurrent.Service.lambda$new$4(Service.java:555)
	at com.sun.javafx.binding.ExpressionHelper$SingleChange.fireValueChangedEvent(ExpressionHelper.java:181)
	at com.sun.javafx.binding.ExpressionHelper.fireValueChangedEvent(ExpressionHelper.java:80)
	at javafx.beans.property.ObjectPropertyBase.fireValueChangedEvent(ObjectPropertyBase.java:106)
	at javafx.beans.property.ObjectPropertyBase.markInvalid(ObjectPropertyBase.java:113)
	at javafx.beans.property.ObjectPropertyBase.access$000(ObjectPropertyBase.java:52)
	at javafx.beans.property.ObjectPropertyBase$Listener.invalidated(ObjectPropertyBase.java:234)
	at com.sun.javafx.binding.ExpressionHelper$SingleInvalidation.fireValueChangedEvent(ExpressionHelper.java:136)
	at com.sun.javafx.binding.ExpressionHelper.fireValueChangedEvent(ExpressionHelper.java:80)
	at javafx.beans.property.ObjectPropertyBase.fireValueChangedEvent(ObjectPropertyBase.java:106)
	at javafx.beans.property.ObjectPropertyBase.markInvalid(ObjectPropertyBase.java:113)
	at javafx.beans.property.ObjectPropertyBase.set(ObjectPropertyBase.java:147)
	at javafx.concurrent.Task.setState(Task.java:698)
	at javafx.concurrent.Task$TaskCallable.lambda$call$1(Task.java:1436)
	at com.sun.javafx.application.PlatformImpl.lambda$runLater$10(PlatformImpl.java:428)
	at java.base/java.security.AccessController.doPrivileged(Native Method)
	at com.sun.javafx.application.PlatformImpl.lambda$runLater$11(PlatformImpl.java:427)
	at com.sun.glass.ui.InvokeLaterDispatcher$Future.run(InvokeLaterDispatcher.java:96)
	at com.sun.glass.ui.win.WinApplication._runLoop(Native Method)
	at com.sun.glass.ui.win.WinApplication.lambda$runLoop$3(WinApplication.java:174)
	at java.base/java.lang.Thread.run(Thread.java:834)
2021-08-24 16:25:43 [ JavaFX Application Thread:85] -[ ERROR] 
java.lang.NullPointerException
	at cn.gxust.cloudutils.FileDownService.succeeded(FileDownService.java:85)
	at javafx.concurrent.Service.lambda$new$4(Service.java:555)
	at com.sun.javafx.binding.ExpressionHelper$SingleChange.fireValueChangedEvent(ExpressionHelper.java:181)
	at com.sun.javafx.binding.ExpressionHelper.fireValueChangedEvent(ExpressionHelper.java:80)
	at javafx.beans.property.ObjectPropertyBase.fireValueChangedEvent(ObjectPropertyBase.java:106)
	at javafx.beans.property.ObjectPropertyBase.markInvalid(ObjectPropertyBase.java:113)
	at javafx.beans.property.ObjectPropertyBase.access$000(ObjectPropertyBase.java:52)
	at javafx.beans.property.ObjectPropertyBase$Listener.invalidated(ObjectPropertyBase.java:234)
	at com.sun.javafx.binding.ExpressionHelper$SingleInvalidation.fireValueChangedEvent(ExpressionHelper.java:136)
	at com.sun.javafx.binding.ExpressionHelper.fireValueChangedEvent(ExpressionHelper.java:80)
	at javafx.beans.property.ObjectPropertyBase.fireValueChangedEvent(ObjectPropertyBase.java:106)
	at javafx.beans.property.ObjectPropertyBase.markInvalid(ObjectPropertyBase.java:113)
	at javafx.beans.property.ObjectPropertyBase.set(ObjectPropertyBase.java:147)
	at javafx.concurrent.Task.setState(Task.java:698)
	at javafx.concurrent.Task$TaskCallable.lambda$call$1(Task.java:1436)
	at com.sun.javafx.application.PlatformImpl.lambda$runLater$10(PlatformImpl.java:428)
	at java.base/java.security.AccessController.doPrivileged(Native Method)
	at com.sun.javafx.application.PlatformImpl.lambda$runLater$11(PlatformImpl.java:427)
	at com.sun.glass.ui.InvokeLaterDispatcher$Future.run(InvokeLaterDispatcher.java:96)
	at com.sun.glass.ui.win.WinApplication._runLoop(Native Method)
	at com.sun.glass.ui.win.WinApplication.lambda$runLoop$3(WinApplication.java:174)
	at java.base/java.lang.Thread.run(Thread.java:834)
2021-08-24 16:28:05 [ JavaFX Application Thread:0] -[ ERROR] 
java.lang.NullPointerException
	at cn.gxust.localioutils.LocalMusicUtils.setMusicInf(LocalMusicUtils.java:343)
	at cn.gxust.cloudutils.FileDownService.succeeded(FileDownService.java:84)
	at javafx.concurrent.Service.lambda$new$4(Service.java:555)
	at com.sun.javafx.binding.ExpressionHelper$SingleChange.fireValueChangedEvent(ExpressionHelper.java:181)
	at com.sun.javafx.binding.ExpressionHelper.fireValueChangedEvent(ExpressionHelper.java:80)
	at javafx.beans.property.ObjectPropertyBase.fireValueChangedEvent(ObjectPropertyBase.java:106)
	at javafx.beans.property.ObjectPropertyBase.markInvalid(ObjectPropertyBase.java:113)
	at javafx.beans.property.ObjectPropertyBase.access$000(ObjectPropertyBase.java:52)
	at javafx.beans.property.ObjectPropertyBase$Listener.invalidated(ObjectPropertyBase.java:234)
	at com.sun.javafx.binding.ExpressionHelper$SingleInvalidation.fireValueChangedEvent(ExpressionHelper.java:136)
	at com.sun.javafx.binding.ExpressionHelper.fireValueChangedEvent(ExpressionHelper.java:80)
	at javafx.beans.property.ObjectPropertyBase.fireValueChangedEvent(ObjectPropertyBase.java:106)
	at javafx.beans.property.ObjectPropertyBase.markInvalid(ObjectPropertyBase.java:113)
	at javafx.beans.property.ObjectPropertyBase.set(ObjectPropertyBase.java:147)
	at javafx.concurrent.Task.setState(Task.java:698)
	at javafx.concurrent.Task$TaskCallable.lambda$call$1(Task.java:1436)
	at com.sun.javafx.application.PlatformImpl.lambda$runLater$10(PlatformImpl.java:428)
	at java.base/java.security.AccessController.doPrivileged(Native Method)
	at com.sun.javafx.application.PlatformImpl.lambda$runLater$11(PlatformImpl.java:427)
	at com.sun.glass.ui.InvokeLaterDispatcher$Future.run(InvokeLaterDispatcher.java:96)
	at com.sun.glass.ui.win.WinApplication._runLoop(Native Method)
	at com.sun.glass.ui.win.WinApplication.lambda$runLoop$3(WinApplication.java:174)
	at java.base/java.lang.Thread.run(Thread.java:834)
2021-08-24 16:30:03 [ JavaFX Application Thread:117954] -[ ERROR] 
java.lang.UnsupportedOperationException: Not implemented for this format
	at org.jaudiotagger.tag.id3.ID3v1Tag.deleteArtworkField(ID3v1Tag.java:1055)
	at cn.gxust.localioutils.LocalMusicUtils.setMusicInf(LocalMusicUtils.java:351)
	at cn.gxust.cloudutils.FileDownService.succeeded(FileDownService.java:84)
	at javafx.concurrent.Service.lambda$new$4(Service.java:555)
	at com.sun.javafx.binding.ExpressionHelper$SingleChange.fireValueChangedEvent(ExpressionHelper.java:181)
	at com.sun.javafx.binding.ExpressionHelper.fireValueChangedEvent(ExpressionHelper.java:80)
	at javafx.beans.property.ObjectPropertyBase.fireValueChangedEvent(ObjectPropertyBase.java:106)
	at javafx.beans.property.ObjectPropertyBase.markInvalid(ObjectPropertyBase.java:113)
	at javafx.beans.property.ObjectPropertyBase.access$000(ObjectPropertyBase.java:52)
	at javafx.beans.property.ObjectPropertyBase$Listener.invalidated(ObjectPropertyBase.java:234)
	at com.sun.javafx.binding.ExpressionHelper$SingleInvalidation.fireValueChangedEvent(ExpressionHelper.java:136)
	at com.sun.javafx.binding.ExpressionHelper.fireValueChangedEvent(ExpressionHelper.java:80)
	at javafx.beans.property.ObjectPropertyBase.fireValueChangedEvent(ObjectPropertyBase.java:106)
	at javafx.beans.property.ObjectPropertyBase.markInvalid(ObjectPropertyBase.java:113)
	at javafx.beans.property.ObjectPropertyBase.set(ObjectPropertyBase.java:147)
	at javafx.concurrent.Task.setState(Task.java:698)
	at javafx.concurrent.Task$TaskCallable.lambda$call$1(Task.java:1436)
	at com.sun.javafx.application.PlatformImpl.lambda$runLater$10(PlatformImpl.java:428)
	at java.base/java.security.AccessController.doPrivileged(Native Method)
	at com.sun.javafx.application.PlatformImpl.lambda$runLater$11(PlatformImpl.java:427)
	at com.sun.glass.ui.InvokeLaterDispatcher$Future.run(InvokeLaterDispatcher.java:96)
	at com.sun.glass.ui.win.WinApplication._runLoop(Native Method)
	at com.sun.glass.ui.win.WinApplication.lambda$runLoop$3(WinApplication.java:174)
	at java.base/java.lang.Thread.run(Thread.java:834)
2021-08-24 16:45:24 [ Thread-11:0] -[ ERROR] 
java.lang.NullPointerException
	at cn.gxust.cloudutils.CloudMusicSpider.getSongList(CloudMusicSpider.java:110)
	at cn.gxust.ui.MainApp.lambda$searchSongList$36(MainApp.java:1284)
	at java.base/java.lang.Thread.run(Thread.java:834)
2021-08-24 16:45:28 [ Thread-13:3516] -[ ERROR] 
java.lang.NullPointerException
	at cn.gxust.cloudutils.CloudMusicSpider.getSongList(CloudMusicSpider.java:110)
	at cn.gxust.ui.MainApp.lambda$searchSongList$36(MainApp.java:1284)
	at java.base/java.lang.Thread.run(Thread.java:834)
2021-08-24 16:45:31 [ Thread-15:6088] -[ ERROR] 
java.lang.NullPointerException
	at cn.gxust.cloudutils.CloudMusicSpider.getSongList(CloudMusicSpider.java:110)
	at cn.gxust.ui.MainApp.lambda$searchSongList$36(MainApp.java:1284)
	at java.base/java.lang.Thread.run(Thread.java:834)
2021-08-24 16:45:32 [ Thread-17:7800] -[ ERROR] 
java.lang.NullPointerException
	at cn.gxust.cloudutils.CloudMusicSpider.getSongList(CloudMusicSpider.java:110)
	at cn.gxust.ui.MainApp.lambda$searchSongList$36(MainApp.java:1284)
	at java.base/java.lang.Thread.run(Thread.java:834)
2021-08-24 16:45:35 [ Thread-19:10849] -[ ERROR] 
java.lang.NullPointerException
	at cn.gxust.cloudutils.CloudMusicSpider.getSongList(CloudMusicSpider.java:110)
	at cn.gxust.ui.MainApp.lambda$searchSongList$36(MainApp.java:1284)
	at java.base/java.lang.Thread.run(Thread.java:834)
2021-08-24 18:44:48 [ JavaFX Application Thread:0] -[ ERROR] 
java.lang.NullPointerException
	at cn.gxust.localioutils.LocalMusicUtils.setMusicInf(LocalMusicUtils.java:343)
	at cn.gxust.cloudutils.FileDownService.succeeded(FileDownService.java:84)
	at javafx.concurrent.Service.lambda$new$4(Service.java:555)
	at com.sun.javafx.binding.ExpressionHelper$SingleChange.fireValueChangedEvent(ExpressionHelper.java:181)
	at com.sun.javafx.binding.ExpressionHelper.fireValueChangedEvent(ExpressionHelper.java:80)
	at javafx.beans.property.ObjectPropertyBase.fireValueChangedEvent(ObjectPropertyBase.java:106)
	at javafx.beans.property.ObjectPropertyBase.markInvalid(ObjectPropertyBase.java:113)
	at javafx.beans.property.ObjectPropertyBase.access$000(ObjectPropertyBase.java:52)
	at javafx.beans.property.ObjectPropertyBase$Listener.invalidated(ObjectPropertyBase.java:234)
	at com.sun.javafx.binding.ExpressionHelper$SingleInvalidation.fireValueChangedEvent(ExpressionHelper.java:136)
	at com.sun.javafx.binding.ExpressionHelper.fireValueChangedEvent(ExpressionHelper.java:80)
	at javafx.beans.property.ObjectPropertyBase.fireValueChangedEvent(ObjectPropertyBase.java:106)
	at javafx.beans.property.ObjectPropertyBase.markInvalid(ObjectPropertyBase.java:113)
	at javafx.beans.property.ObjectPropertyBase.set(ObjectPropertyBase.java:147)
	at javafx.concurrent.Task.setState(Task.java:698)
	at javafx.concurrent.Task$TaskCallable.lambda$call$1(Task.java:1436)
	at com.sun.javafx.application.PlatformImpl.lambda$runLater$10(PlatformImpl.java:428)
	at java.base/java.security.AccessController.doPrivileged(Native Method)
	at com.sun.javafx.application.PlatformImpl.lambda$runLater$11(PlatformImpl.java:427)
	at com.sun.glass.ui.InvokeLaterDispatcher$Future.run(InvokeLaterDispatcher.java:96)
	at com.sun.glass.ui.win.WinApplication._runLoop(Native Method)
	at com.sun.glass.ui.win.WinApplication.lambda$runLoop$3(WinApplication.java:174)
	at java.base/java.lang.Thread.run(Thread.java:834)
2021-08-24 20:37:43 [ Thread-32:0] -[ ERROR] 
org.jsoup.HttpStatusException: HTTP error fetching URL. Status=500, URL=http://159.75.38.125:8823/search?keyword=%E6%99%B4%E5%A4%A9&pn=23&rn=20
	at org.jsoup.helper.HttpConnection$Response.execute(HttpConnection.java:762)
	at org.jsoup.helper.HttpConnection$Response.execute(HttpConnection.java:707)
	at org.jsoup.helper.HttpConnection.execute(HttpConnection.java:297)
	at cn.gxust.cloudutils.KuWoRequest.get(KuWoRequest.java:30)
	at cn.gxust.cloudutils.KuWoRequest.searchMusic(KuWoRequest.java:42)
	at cn.gxust.ui.MainApp.lambda$searchSingleMusic$38(MainApp.java:1322)
	at java.base/java.lang.Thread.run(Thread.java:834)
2021-08-24 20:37:43 [ Thread-33:35] -[ ERROR] 
org.jsoup.HttpStatusException: HTTP error fetching URL. Status=500, URL=http://159.75.38.125:8823/search?keyword=%E6%99%B4%E5%A4%A9&pn=24&rn=20
	at org.jsoup.helper.HttpConnection$Response.execute(HttpConnection.java:762)
	at org.jsoup.helper.HttpConnection$Response.execute(HttpConnection.java:707)
	at org.jsoup.helper.HttpConnection.execute(HttpConnection.java:297)
	at cn.gxust.cloudutils.KuWoRequest.get(KuWoRequest.java:30)
	at cn.gxust.cloudutils.KuWoRequest.searchMusic(KuWoRequest.java:42)
	at cn.gxust.ui.MainApp.lambda$searchSingleMusic$38(MainApp.java:1322)
	at java.base/java.lang.Thread.run(Thread.java:834)
2021-08-24 21:10:20 [ Thread-9:0] -[ ERROR] 
java.lang.NullPointerException
	at cn.gxust.cloudutils.CloudMusicSpider.getSongList(CloudMusicSpider.java:110)
	at cn.gxust.ui.MainApp.lambda$searchSongList$36(MainApp.java:1294)
	at java.base/java.lang.Thread.run(Thread.java:834)
2021-08-24 21:15:34 [ Thread-9:1] -[ ERROR] 
java.lang.NullPointerException
	at cn.gxust.cloudutils.CloudMusicSpider.getSongList(CloudMusicSpider.java:110)
	at cn.gxust.ui.MainApp.lambda$searchSongList$36(MainApp.java:1294)
	at java.base/java.lang.Thread.run(Thread.java:834)
2021-08-24 21:18:21 [ Thread-9:1] -[ ERROR] 
java.lang.NullPointerException
	at cn.gxust.cloudutils.CloudMusicSpider.getSongList(CloudMusicSpider.java:110)
	at cn.gxust.ui.MainApp.lambda$searchSongList$36(MainApp.java:1294)
	at java.base/java.lang.Thread.run(Thread.java:834)
2021-08-24 23:07:27 [ Thread-9:0] -[ ERROR] 
java.lang.NullPointerException
	at cn.gxust.cloudutils.CloudMusicSpider.getSongList(CloudMusicSpider.java:110)
	at cn.gxust.ui.MainApp.lambda$searchSongList$36(MainApp.java:1294)
	at java.base/java.lang.Thread.run(Thread.java:834)
2021-08-24 23:08:07 [ Thread-9:0] -[ ERROR] 
java.lang.NullPointerException
	at cn.gxust.cloudutils.CloudMusicSpider.getSongList(CloudMusicSpider.java:110)
	at cn.gxust.ui.MainApp.lambda$searchSongList$36(MainApp.java:1294)
	at java.base/java.lang.Thread.run(Thread.java:834)
2021-08-24 23:46:59 [ Thread-10:1] -[ ERROR] 
java.lang.NullPointerException
	at cn.gxust.cloudutils.CloudMusicSpider.getSongList(CloudMusicSpider.java:110)
	at cn.gxust.ui.MainApp.lambda$searchSongList$36(MainApp.java:1301)
	at java.base/java.lang.Thread.run(Thread.java:834)
